d:\modellib\modellib\release\vc120.pdb
d:\modellib\modellib\release\modelbase.obj
d:\modellib\modellib\release\modelattachment.obj
d:\modellib\modellib\release\model.obj
d:\modellib\modellib\release\mesh.obj
d:\modellib\modellib\release\keyboard.obj
d:\modellib\modellib\release\jpeg2.obj
d:\modellib\modellib\release\interpolator.obj
d:\modellib\modellib\release\icon.obj
d:\modellib\modellib\release\graphics.obj
d:\modellib\modellib\release\font.obj
d:\modellib\modellib\release\flashinggeoset.obj
d:\modellib\modellib\release\fileloader.obj
d:\modellib\modellib\release\error.obj
d:\modellib\modellib\release\dataoutstream.obj
d:\modellib\modellib\release\datainstream.obj
d:\modellib\modellib\release\constanttable.obj
d:\modellib\modellib\release\common.obj
d:\modellib\modellib\release\camera.obj
d:\modellib\modellib\release\buffer2.obj
d:\modellib\modellib\release\main.obj
d:\modellib\modellib\release\modelmateriallayer.obj
d:\modellib\modellib\release\modelmaterial.obj
d:\modellib\modellib\release\modelloadermdx.obj
d:\modellib\modellib\release\modelloadermdl.obj
d:\modellib\modellib\release\modelloader.obj
d:\modellib\modellib\release\modellight.obj
d:\modellib\modellib\release\modelimporter.obj
d:\modellib\modellib\release\modelhistory.obj
d:\modellib\modellib\release\modelhelper.obj
d:\modellib\modellib\release\modelglobalsequence.obj
d:\modellib\modellib\release\modelgeosetvertex.obj
d:\modellib\modellib\release\modelgeosetgroup.obj
d:\modellib\modellib\release\modelgeosetface.obj
d:\modellib\modellib\release\modelgeosetanimation.obj
d:\modellib\modellib\release\modelgeoset.obj
d:\modellib\modellib\release\modeleventobject.obj
d:\modellib\modellib\release\modelcollisionshape.obj
d:\modellib\modellib\release\modelcamera.obj
d:\modellib\modellib\release\modelbuilder.obj
d:\modellib\modellib\release\modelbone.obj
d:\modellib\modellib\release\ribbonmanager.obj
d:\modellib\modellib\release\ribbon.obj
d:\modellib\modellib\release\resourceloader.obj
d:\modellib\modellib\release\register.obj
d:\modellib\modellib\release\random.obj
d:\modellib\modellib\release\properties.obj
d:\modellib\modellib\release\pixelshader.obj
d:\modellib\modellib\release\particlemanager.obj
d:\modellib\modellib\release\particle.obj
d:\modellib\modellib\release\objectidmanager.obj
d:\modellib\modellib\release\nodeicon.obj
d:\modellib\modellib\release\mpq.obj
d:\modellib\modellib\release\mouse.obj
d:\modellib\modellib\release\modeltextureanimation.obj
d:\modellib\modellib\release\modeltexture.obj
d:\modellib\modellib\release\modelsequence.obj
d:\modellib\modellib\release\modelribbonemitter.obj
d:\modellib\modellib\release\modelparticleemitter2.obj
d:\modellib\modellib\release\modelparticleemitter.obj
d:\modellib\modellib\release\modelmodel.obj
d:\modellib\modellib\release\vertexshader.obj
d:\modellib\modellib\release\tokenoutstream.obj
d:\modellib\modellib\release\tokeninstream.obj
d:\modellib\modellib\release\timer.obj
d:\modellib\modellib\release\texturemanager.obj
d:\modellib\modellib\release\textureloaderpcx.obj
d:\modellib\modellib\release\textureloaderblp.obj
d:\modellib\modellib\release\textureloaderbasic.obj
d:\modellib\modellib\release\textureloader.obj
d:\modellib\modellib\release\texture2.obj
d:\modellib\modellib\release\temporaryfile.obj
d:\modellib\modellib\release\teamcolor.obj
d:\modellib\modellib\release\graphicswindow.obj
d:\modellib\modeleditor\modeleditor.exe
d:\modellib\release\modellib.pdb
d:\modellib\release\modellib.lib
d:\modellib\release\modellib.exp
d:\modellib\modellib\release\modellib.tlog\cl.command.1.tlog
d:\modellib\modellib\release\modellib.tlog\cl.read.1.tlog
d:\modellib\modellib\release\modellib.tlog\cl.write.1.tlog
d:\modellib\modellib\release\modellib.tlog\link.command.1.tlog
d:\modellib\modellib\release\modellib.tlog\link.read.1.tlog
d:\modellib\modellib\release\modellib.tlog\link.write.1.tlog
d:\modellib\modellib\release\modellib.tlog\modellib.write.1u.tlog
